# JRE version: OpenJDK Runtime Environment (8.0_152-b06) (build 1.8.0_152-release-1136-b06)
# Java VM: OpenJDK 64-Bit Server VM (25.152-b06 mixed mode windows-amd64 compressed oops)
Heap:
 PSYoungGen      total 94208K, used 36376K [0x00000000e0000000, 0x00000000e7400000, 0x0000000100000000)
  eden space 80896K, 29% used [0x00000000e0000000,0x00000000e1703bb8,0x00000000e4f00000)
  from space 13312K, 96% used [0x00000000e5080000,0x00000000e5d02448,0x00000000e5d80000)
  to   space 18944K, 0% used [0x00000000e6180000,0x00000000e6180000,0x00000000e7400000)
 ParOldGen       total 136192K, used 34415K [0x00000000a0000000, 0x00000000a8500000, 0x00000000e0000000)
  object space 136192K, 25% used [0x00000000a0000000,0x00000000a219bc78,0x00000000a8500000)
 Metaspace       used 98647K, capacity 104736K, committed 104984K, reserved 1140736K
  class space    used 12487K, capacity 13558K, committed 13616K, reserved 1048576K
GC Heap History (10 events):
Event: 11452.982 GC heap before
{Heap before GC invocations=45 (full 6):
 PSYoungGen      total 111616K, used 90112K [0x00000000e0000000, 0x00000000e8200000, 0x0000000100000000)
  eden space 90112K, 100% used [0x00000000e0000000,0x00000000e5800000,0x00000000e5800000)
  from space 21504K, 0% used [0x00000000e6d00000,0x00000000e6d00000,0x00000000e8200000)
  to   space 21504K, 0% used [0x00000000e5800000,0x00000000e5800000,0x00000000e6d00000)
 ParOldGen       total 136192K, used 34383K [0x00000000a0000000, 0x00000000a8500000, 0x00000000e0000000)
  object space 136192K, 25% used [0x00000000a0000000,0x00000000a2193c78,0x00000000a8500000)
 Metaspace       used 93214K, capacity 98950K, committed 99736K, reserved 1136640K
  class space    used 11828K, capacity 12791K, committed 12976K, reserved 1048576K
Event: 11453.014 GC heap after
Heap after GC invocations=45 (full 6):
 PSYoungGen      total 95232K, used 7008K [0x00000000e0000000, 0x00000000e7d00000, 0x0000000100000000)
  eden space 88064K, 0% used [0x00000000e0000000,0x00000000e0000000,0x00000000e5600000)
  from space 7168K, 97% used [0x00000000e5800000,0x00000000e5ed8020,0x00000000e5f00000)
  to   space 19968K, 0% used [0x00000000e6980000,0x00000000e6980000,0x00000000e7d00000)
 ParOldGen       total 136192K, used 34383K [0x00000000a0000000, 0x00000000a8500000, 0x00000000e0000000)
  object space 136192K, 25% used [0x00000000a0000000,0x00000000a2193c78,0x00000000a8500000)
 Metaspace       used 93214K, capacity 98950K, committed 99736K, reserved 1136640K
  class space    used 11828K, capacity 12791K, committed 12976K, reserved 1048576K
}
Event: 11465.496 GC heap before
{Heap before GC invocations=46 (full 6):
 PSYoungGen      total 95232K, used 95072K [0x00000000e0000000, 0x00000000e7d00000, 0x0000000100000000)
  eden space 88064K, 100% used [0x00000000e0000000,0x00000000e5600000,0x00000000e5600000)
  from space 7168K, 97% used [0x00000000e5800000,0x00000000e5ed8020,0x00000000e5f00000)
  to   space 19968K, 0% used [0x00000000e6980000,0x00000000e6980000,0x00000000e7d00000)
 ParOldGen       total 136192K, used 34383K [0x00000000a0000000, 0x00000000a8500000, 0x00000000e0000000)
  object space 136192K, 25% used [0x00000000a0000000,0x00000000a2193c78,0x00000000a8500000)
 Metaspace       used 93290K, capacity 99044K, committed 99736K, reserved 1136640K
  class space    used 11831K, capacity 12795K, committed 12976K, reserved 1048576K
Event: 11465.520 GC heap after
Heap after GC invocations=46 (full 6):
 PSYoungGen      total 101888K, used 7578K [0x00000000e0000000, 0x00000000e7900000, 0x0000000100000000)
  eden space 86016K, 0% used [0x00000000e0000000,0x00000000e0000000,0x00000000e5400000)
  from space 15872K, 47% used [0x00000000e6980000,0x00000000e70e6b38,0x00000000e7900000)
  to   space 18944K, 0% used [0x00000000e5400000,0x00000000e5400000,0x00000000e6680000)
 ParOldGen       total 136192K, used 34391K [0x00000000a0000000, 0x00000000a8500000, 0x00000000e0000000)
  object space 136192K, 25% used [0x00000000a0000000,0x00000000a2195c78,0x00000000a8500000)
 Metaspace       used 93290K, capacity 99044K, committed 99736K, reserved 1136640K
  class space    used 11831K, capacity 12795K, committed 12976K, reserved 1048576K
}
Event: 11620.321 GC heap before
{Heap before GC invocations=47 (full 6):
 PSYoungGen      total 101888K, used 93594K [0x00000000e0000000, 0x00000000e7900000, 0x0000000100000000)
  eden space 86016K, 100% used [0x00000000e0000000,0x00000000e5400000,0x00000000e5400000)
  from space 15872K, 47% used [0x00000000e6980000,0x00000000e70e6b38,0x00000000e7900000)
  to   space 18944K, 0% used [0x00000000e5400000,0x00000000e5400000,0x00000000e6680000)
 ParOldGen       total 136192K, used 34391K [0x00000000a0000000, 0x00000000a8500000, 0x00000000e0000000)
  object space 136192K, 25% used [0x00000000a0000000,0x00000000a2195c78,0x00000000a8500000)
 Metaspace       used 93377K, capacity 99126K, committed 99736K, reserved 1136640K
  class space    used 11833K, capacity 12797K, committed 12976K, reserved 1048576K
Event: 11620.363 GC heap after
Heap after GC invocations=47 (full 6):
 PSYoungGen      total 92160K, used 7921K [0x00000000e0000000, 0x00000000e7500000, 0x0000000100000000)
  eden space 83968K, 0% used [0x00000000e0000000,0x00000000e0000000,0x00000000e5200000)
  from space 8192K, 96% used [0x00000000e5400000,0x00000000e5bbc780,0x00000000e5c00000)
  to   space 17920K, 0% used [0x00000000e6380000,0x00000000e6380000,0x00000000e7500000)
 ParOldGen       total 136192K, used 34399K [0x00000000a0000000, 0x00000000a8500000, 0x00000000e0000000)
  object space 136192K, 25% used [0x00000000a0000000,0x00000000a2197c78,0x00000000a8500000)
 Metaspace       used 93377K, capacity 99126K, committed 99736K, reserved 1136640K
  class space    used 11833K, capacity 12797K, committed 12976K, reserved 1048576K
}
Event: 13005.032 GC heap before
{Heap before GC invocations=48 (full 6):
 PSYoungGen      total 92160K, used 91889K [0x00000000e0000000, 0x00000000e7500000, 0x0000000100000000)
  eden space 83968K, 100% used [0x00000000e0000000,0x00000000e5200000,0x00000000e5200000)
  from space 8192K, 96% used [0x00000000e5400000,0x00000000e5bbc780,0x00000000e5c00000)
  to   space 17920K, 0% used [0x00000000e6380000,0x00000000e6380000,0x00000000e7500000)
 ParOldGen       total 136192K, used 34399K [0x00000000a0000000, 0x00000000a8500000, 0x00000000e0000000)
  object space 136192K, 25% used [0x00000000a0000000,0x00000000a2197c78,0x00000000a8500000)
 Metaspace       used 97069K, capacity 103094K, committed 103448K, reserved 1138688K
  class space    used 12245K, capacity 13300K, committed 13360K, reserved 1048576K
Event: 13005.131 GC heap after
Heap after GC invocations=48 (full 6):
 PSYoungGen      total 98816K, used 9003K [0x00000000e0000000, 0x00000000e7380000, 0x0000000100000000)
  eden space 82432K, 0% used [0x00000000e0000000,0x00000000e0000000,0x00000000e5080000)
  from space 16384K, 54% used [0x00000000e6380000,0x00000000e6c4af18,0x00000000e7380000)
  to   space 17920K, 0% used [0x00000000e5080000,0x00000000e5080000,0x00000000e6200000)
 ParOldGen       total 136192K, used 34407K [0x00000000a0000000, 0x00000000a8500000, 0x00000000e0000000)
  object space 136192K, 25% used [0x00000000a0000000,0x00000000a2199c78,0x00000000a8500000)
 Metaspace       used 97069K, capacity 103094K, committed 103448K, reserved 1138688K
  class space    used 12245K, capacity 13300K, committed 13360K, reserved 1048576K
}
Event: 13007.097 GC heap before
{Heap before GC invocations=49 (full 6):
 PSYoungGen      total 98816K, used 91435K [0x00000000e0000000, 0x00000000e7380000, 0x0000000100000000)
  eden space 82432K, 100% used [0x00000000e0000000,0x00000000e5080000,0x00000000e5080000)
  from space 16384K, 54% used [0x00000000e6380000,0x00000000e6c4af18,0x00000000e7380000)
  to   space 17920K, 0% used [0x00000000e5080000,0x00000000e5080000,0x00000000e6200000)
 ParOldGen       total 136192K, used 34407K [0x00000000a0000000, 0x00000000a8500000, 0x00000000e0000000)
  object space 136192K, 25% used [0x00000000a0000000,0x00000000a2199c78,0x00000000a8500000)
 Metaspace       used 97972K, capacity 104046K, committed 104344K, reserved 1140736K
  class space    used 12385K, capacity 13457K, committed 13488K, reserved 1048576K
Event: 13007.155 GC heap after
Heap after GC invocations=49 (full 6):
 PSYoungGen      total 94208K, used 12809K [0x00000000e0000000, 0x00000000e7400000, 0x0000000100000000)
  eden space 80896K, 0% used [0x00000000e0000000,0x00000000e0000000,0x00000000e4f00000)
  from space 13312K, 96% used [0x00000000e5080000,0x00000000e5d02448,0x00000000e5d80000)
  to   space 18944K, 0% used [0x00000000e6180000,0x00000000e6180000,0x00000000e7400000)
 ParOldGen       total 136192K, used 34415K [0x00000000a0000000, 0x00000000a8500000, 0x00000000e0000000)
  object space 136192K, 25% used [0x00000000a0000000,0x00000000a219bc78,0x00000000a8500000)
 Metaspace       used 97972K, capacity 104046K, committed 104344K, reserved 1140736K
  class space    used 12385K, capacity 13457K, committed 13488K, reserved 1048576K
}

